E:\UBUNTU_WINDOWS\RTMP_USER\DEBUG\RTMP_USER.EXE
E:\UBUNTU_WINDOWS\RTMP_USER\DEBUG\RTMP_USER.ILK
E:\UBUNTU_WINDOWS\RTMP_USER\DEBUG\RTMP_USER.PDB
E:\ubuntu_windows\Rtmp_User\Rtmp_User\Debug\cl.command.1.tlog
E:\ubuntu_windows\Rtmp_User\Rtmp_User\Debug\CL.read.1.tlog
E:\ubuntu_windows\Rtmp_User\Rtmp_User\Debug\CL.write.1.tlog
E:\ubuntu_windows\Rtmp_User\Rtmp_User\Debug\link.8012.read.1.tlog
E:\ubuntu_windows\Rtmp_User\Rtmp_User\Debug\link.8012.write.1.tlog
E:\ubuntu_windows\Rtmp_User\Rtmp_User\Debug\link.8012-cvtres.read.1.tlog
E:\ubuntu_windows\Rtmp_User\Rtmp_User\Debug\link.8012-cvtres.write.1.tlog
E:\ubuntu_windows\Rtmp_User\Rtmp_User\Debug\link.command.1.tlog
E:\ubuntu_windows\Rtmp_User\Rtmp_User\Debug\link.read.1.tlog
E:\ubuntu_windows\Rtmp_User\Rtmp_User\Debug\link.write.1.tlog
E:\ubuntu_windows\Rtmp_User\Rtmp_User\Debug\link-cvtres.read.1.tlog
E:\ubuntu_windows\Rtmp_User\Rtmp_User\Debug\link-cvtres.write.1.tlog
E:\UBUNTU_WINDOWS\RTMP_USER\RTMP_USER\DEBUG\MAIN.OBJ
E:\ubuntu_windows\Rtmp_User\Rtmp_User\Debug\mt.command.1.tlog
E:\ubuntu_windows\Rtmp_User\Rtmp_User\Debug\mt.read.1.tlog
E:\ubuntu_windows\Rtmp_User\Rtmp_User\Debug\mt.write.1.tlog
E:\UBUNTU_WINDOWS\RTMP_USER\RTMP_USER\DEBUG\PTHREAD.OBJ
E:\ubuntu_windows\Rtmp_User\Rtmp_User\Debug\rc.command.1.tlog
E:\ubuntu_windows\Rtmp_User\Rtmp_User\Debug\rc.read.1.tlog
E:\ubuntu_windows\Rtmp_User\Rtmp_User\Debug\rc.write.1.tlog
E:\UBUNTU_WINDOWS\RTMP_USER\RTMP_USER\DEBUG\RTMP_AMF0.OBJ
E:\UBUNTU_WINDOWS\RTMP_USER\RTMP_USER\DEBUG\RTMP_LIB.OBJ
E:\UBUNTU_WINDOWS\RTMP_USER\RTMP_USER\DEBUG\RTMP_USER.EXE.EMBED.MANIFEST
E:\UBUNTU_WINDOWS\RTMP_USER\RTMP_USER\DEBUG\RTMP_USER.EXE.EMBED.MANIFEST.RES
E:\UBUNTU_WINDOWS\RTMP_USER\RTMP_USER\DEBUG\RTMP_USER.EXE.INTERMEDIATE.MANIFEST
E:\ubuntu_windows\Rtmp_User\Rtmp_User\Debug\Rtmp_User.write.1.tlog
E:\ubuntu_windows\Rtmp_User\Rtmp_User\Debug\Rtmp_User_manifest.rc
E:\UBUNTU_WINDOWS\RTMP_USER\RTMP_USER\DEBUG\SOCKET.OBJ
E:\ubuntu_windows\Rtmp_User\Rtmp_User\Debug\vc100.idb
E:\UBUNTU_WINDOWS\RTMP_USER\RTMP_USER\DEBUG\VC100.PDB
